<?xml version="1.0" encoding="UTF-8"?>
<!-- Generated by org.testng.reporters.JUnitReportReporter -->
<testsuite hostname="DESKTOP-SBUKS87" failures="0" tests="1" name="testCases.TC001_textboxvalidation" time="0.116" errors="0" timestamp="2025-03-22T09:39:21 GMT" skipped="0">
  <testcase classname="testCases.TC001_textboxvalidation" name="verify_textbox" time="0.116"/>
</testsuite> <!-- testCases.TC001_textboxvalidation -->
