<?xml version="1.0" encoding="UTF-8"?>
<!-- Generated by org.testng.reporters.JUnitReportReporter -->
<testsuite hostname="DESKTOP-SBUKS87" failures="0" tests="1" name="testCases.TC003_PIMclass" time="18.161" errors="0" timestamp="2025-03-22T12:49:52 GMT" skipped="0">
  <testcase classname="testCases.TC003_PIMclass" name="verify_pim" time="18.161"/>
</testsuite> <!-- testCases.TC003_PIMclass -->
