<?xml version="1.0" encoding="UTF-8"?>
<!-- Generated by org.testng.reporters.JUnitReportReporter -->
<testsuite hostname="DESKTOP-SBUKS87" failures="0" tests="1" name="testCases.TC001_validloginpage" time="1.201" errors="0" timestamp="2025-03-22T11:19:06 GMT" skipped="0">
  <testcase classname="testCases.TC001_validloginpage" name="verify_login" time="1.201"/>
</testsuite> <!-- testCases.TC001_validloginpage -->
