<?xml version="1.0" encoding="UTF-8"?>
<!-- Generated by org.testng.reporters.JUnitReportReporter -->
<testsuite hostname="DESKTOP-SBUKS87" failures="0" tests="5" name="testNgpackage.Allannotations" time="0.029" errors="0" timestamp="2025-02-20T08:03:03 GMT" skipped="0">
  <testcase classname="testNgpackage.Allannotations" name="groupingba" time="0.006"/>
  <testcase classname="testNgpackage.Allannotations" name="groupingab" time="0.002"/>
  <testcase classname="testNgpackage.Allannotations" name="groupinga2" time="0.002"/>
  <testcase classname="testNgpackage.Allannotations" name="groupingb1" time="0.003"/>
  <testcase classname="testNgpackage.Allannotations" name="groupinga1" time="0.016"/>
</testsuite> <!-- testNgpackage.Allannotations -->
