<?xml version="1.0" encoding="UTF-8"?>
<!-- Generated by org.testng.reporters.JUnitReportReporter -->
<testsuite hostname="DESKTOP-SBUKS87" failures="0" tests="2" name="testNgpackage.dataprovide" time="18.934" errors="0" timestamp="2025-02-22T10:21:03 GMT" skipped="0">
  <testcase classname="testNgpackage.dataprovide" name="launchurl" time="9.643"/>
  <testcase classname="testNgpackage.dataprovide" name="launchurl" time="9.291"/>
</testsuite> <!-- testNgpackage.dataprovide -->
