<?xml version="1.0" encoding="UTF-8"?>
<!-- Generated by org.testng.reporters.JUnitReportReporter -->
<testsuite hostname="DESKTOP-SBUKS87" failures="0" tests="1" name="testcases.TC001" time="2.375" errors="0" timestamp="2025-03-16T15:25:52 GMT" skipped="0">
  <testcase classname="testcases.TC001" name="verify_account_registration" time="2.375"/>
</testsuite> <!-- testcases.TC001 -->
