<?xml version="1.0" encoding="UTF-8"?>
<!-- Generated by org.testng.reporters.JUnitReportReporter -->
<testsuite hostname="DESKTOP-SBUKS87" failures="0" tests="1" name="testcases.tc002_logintest" time="2.402" errors="0" timestamp="2025-03-16T15:25:52 GMT" skipped="0">
  <testcase classname="testcases.tc002_logintest" name="verify_login" time="2.402"/>
</testsuite> <!-- testcases.tc002_logintest -->
