<?xml version="1.0" encoding="UTF-8"?>
<!-- Generated by org.testng.reporters.JUnitReportReporter -->
<testsuite hostname="DESKTOP-SBUKS87" failures="0" tests="1" name="testCases.TC_LO_005_Login" time="2.148" errors="0" timestamp="2025-03-23T14:00:21 GMT" skipped="0">
  <testcase classname="testCases.TC_LO_005_Login" name="EmptyUserName_EmptyPassword" time="2.148"/>
</testsuite> <!-- testCases.TC_LO_005_Login -->
