<?xml version="1.0" encoding="UTF-8"?>
<!-- Generated by org.testng.reporters.JUnitReportReporter -->
<testsuite hostname="DESKTOP-SBUKS87" failures="0" tests="1" name="testCases.TC_LO_002_Login" time="1.932" errors="0" timestamp="2025-03-25T14:04:06 GMT" skipped="0">
  <testcase classname="testCases.TC_LO_002_Login" name="ValidUserName_InvalidPassword" time="1.932"/>
</testsuite> <!-- testCases.TC_LO_002_Login -->
