<?xml version="1.0" encoding="UTF-8"?>
<!-- Generated by org.testng.reporters.JUnitReportReporter -->
<testsuite hostname="DESKTOP-SBUKS87" failures="0" tests="5" name="testCases.TC_LO_DataDrivenTest" time="2.936" errors="0" timestamp="2025-03-25T20:46:48 GMT" skipped="0">
  <testcase classname="testCases.TC_LO_DataDrivenTest" name="UserName_Password_dataDrivenTest" time="0.150"/>
  <testcase classname="testCases.TC_LO_DataDrivenTest" name="UserName_Password_dataDrivenTest" time="1.282"/>
  <testcase classname="testCases.TC_LO_DataDrivenTest" name="UserName_Password_dataDrivenTest" time="0.184"/>
  <testcase classname="testCases.TC_LO_DataDrivenTest" name="UserName_Password_dataDrivenTest" time="1.152"/>
  <testcase classname="testCases.TC_LO_DataDrivenTest" name="UserName_Password_dataDrivenTest" time="0.168"/>
</testsuite> <!-- testCases.TC_LO_DataDrivenTest -->
