<?xml version="1.0" encoding="UTF-8"?>
<!-- Generated by org.testng.reporters.JUnitReportReporter -->
<testsuite hostname="DESKTOP-SBUKS87" failures="0" tests="1" name="testCases.TC_LO_006_Login" time="1.584" errors="0" timestamp="2025-03-23T14:03:16 GMT" skipped="0">
  <testcase classname="testCases.TC_LO_006_Login" name="EmptyUserName_ValidPassword" time="1.584"/>
</testsuite> <!-- testCases.TC_LO_006_Login -->
