<?xml version="1.0" encoding="UTF-8"?>
<!-- Generated by org.testng.reporters.JUnitReportReporter -->
<testsuite hostname="DESKTOP-SBUKS87" failures="0" tests="1" name="testCases.homepage" time="10.343" errors="0" timestamp="2025-03-25T13:08:28 GMT" skipped="0">
  <testcase classname="testCases.homepage" name="makeappointment" time="10.343"/>
</testsuite> <!-- testCases.homepage -->
